###############################################################
#  Generated by:      Cadence Innovus 15.23-s045_1
#  OS:                Linux x86_64(Host ID ieng6-ece-14.ucsd.edu)
#  Generated on:      Fri Apr 29 22:11:23 2022
#  Design:            Subsystem
#  Command:           report_timing > timing.rpt
###############################################################
Path 1: VIOLATED Setup Check with Pin u_adpcm_encoder2_u_ADPCM_Decoder_u_
Integrator_gain_0_99_Delay_out1_reg_0_/CP 
Endpoint:   u_adpcm_encoder2_u_ADPCM_Decoder_u_Integrator_gain_0_99_Delay_out1_
reg_0_/D (v) checked with  leading edge of 'clk'
Beginpoint: u_adpcm_encoder2_u_ADPCM_Decoder_u_Integrator_gain_0_99_Delay_out1_
reg_6_/Q (^) triggered by  leading edge of 'clk'
Path Groups: {clk}
Analysis View: WC_VIEW
Other End Arrival Time          0.052
- Setup                         0.046
+ Phase Shift                   0.100
+ CPPR Adjustment               0.000
= Required Time                 0.107
- Arrival Time                  1.641
= Slack Time                   -1.534
     Clock Rise Edge                 0.000
     + Clock Network Latency (Prop)  0.053
     = Beginpoint Arrival Time       0.053
     +-----------------------------------------------------------------------------------------------------------+ 
     |                      Instance                      |     Arc      |   Cell   | Delay | Arrival | Required | 
     |                                                    |              |          |       |  Time   |   Time   | 
     |----------------------------------------------------+--------------+----------+-------+---------+----------| 
     | u_adpcm_encoder2_u_ADPCM_Decoder_u_Integrator_gain | CP ^         |          |       |   0.052 |   -1.482 | 
     | _0_99_Delay_out1_reg_6_                            |              |          |       |         |          | 
     | u_adpcm_encoder2_u_ADPCM_Decoder_u_Integrator_gain | CP ^ -> Q ^  | EDFCNQD4 | 0.132 |   0.184 |   -1.350 | 
     | _0_99_Delay_out1_reg_6_                            |              |          |       |         |          | 
     | FE_OCPC265_u_adpcm_encoder2_u_ADPCM_Decoder_u_Inte | I ^ -> ZN v  | INVD2    | 0.017 |   0.201 |   -1.333 | 
     | grator_gain_0_99_Delay_out1_6_                     |              |          |       |         |          | 
     | U4084                                              | B v -> S ^   | FA1D4    | 0.089 |   0.290 |   -1.244 | 
     | U1368                                              | A1 ^ -> ZN v | ND2D2    | 0.016 |   0.306 |   -1.228 | 
     | U1367                                              | A1 v -> ZN ^ | ND2D2    | 0.015 |   0.321 |   -1.213 | 
     | U3366                                              | B ^ -> S v   | FA1D4    | 0.093 |   0.414 |   -1.120 | 
     | U532                                               | I v -> ZN ^  | CKND4    | 0.015 |   0.429 |   -1.105 | 
     | U531                                               | A1 ^ -> ZN v | ND2D4    | 0.020 |   0.449 |   -1.085 | 
     | U2902                                              | A1 v -> ZN ^ | ND2D4    | 0.019 |   0.469 |   -1.066 | 
     | U2900                                              | A1 ^ -> ZN v | NR3D3    | 0.016 |   0.485 |   -1.050 | 
     | U2898                                              | A1 v -> ZN ^ | NR2D4    | 0.023 |   0.508 |   -1.026 | 
     | U2609                                              | A2 ^ -> ZN v | ND2D4    | 0.025 |   0.533 |   -1.001 | 
     | U2585                                              | A1 v -> ZN ^ | ND2D4    | 0.020 |   0.553 |   -0.981 | 
     | U3050                                              | A1 ^ -> ZN v | ND3D8    | 0.023 |   0.576 |   -0.959 | 
     | U3026                                              | A1 v -> ZN ^ | NR2XD8   | 0.022 |   0.598 |   -0.936 | 
     | FE_RC_9_0_dup                                      | B1 ^ -> ZN v | INR2D4   | 0.017 |   0.615 |   -0.919 | 
     | FE_OCPC398_FE_RN_23                                | I v -> Z v   | CKBD4    | 0.026 |   0.641 |   -0.893 | 
     | FE_RC_261_0_dup                                    | A1 v -> ZN ^ | OAI21D4  | 0.034 |   0.675 |   -0.859 | 
     | U2891_dup                                          | A2 ^ -> ZN v | CKND2D4  | 0.023 |   0.698 |   -0.836 | 
     | FE_RC_26_0                                         | A1 v -> ZN ^ | OAI21D4  | 0.025 |   0.723 |   -0.811 | 
     | FE_RC_189_0_dup                                    | I ^ -> Z ^   | BUFFD16  | 0.044 |   0.767 |   -0.767 | 
     | U1303                                              | A1 ^ -> ZN v | CKND2D4  | 0.017 |   0.785 |   -0.749 | 
     | U2528                                              | A1 v -> ZN ^ | ND2D3    | 0.016 |   0.800 |   -0.734 | 
     | U795                                               | A2 ^ -> ZN v | CKND2D4  | 0.016 |   0.817 |   -0.718 | 
     | U1302                                              | A1 v -> ZN ^ | ND2D4    | 0.015 |   0.831 |   -0.703 | 
     | FE_RC_236_0                                        | A1 ^ -> ZN v | OAI21D4  | 0.018 |   0.849 |   -0.685 | 
     | FE_RC_17_0                                         | A1 v -> Z v  | AN2D4    | 0.031 |   0.880 |   -0.655 | 
     | U2679                                              | A1 v -> ZN ^ | NR2D8    | 0.037 |   0.916 |   -0.618 | 
     | U2710                                              | A2 ^ -> ZN v | ND2D8    | 0.039 |   0.956 |   -0.578 | 
     | U1351                                              | A1 v -> ZN ^ | ND2D8    | 0.027 |   0.983 |   -0.552 | 
     | FE_OCPC583_n1238                                   | I ^ -> ZN v  | INVD4    | 0.013 |   0.996 |   -0.539 | 
     | U2263_dup                                          | A1 v -> ZN ^ | ND2D4    | 0.017 |   1.013 |   -0.521 | 
     | U2262                                              | A1 ^ -> ZN v | CKND2D4  | 0.017 |   1.030 |   -0.504 | 
     | U1415                                              | I v -> ZN ^  | CKND6    | 0.017 |   1.047 |   -0.487 | 
     | U672                                               | A2 ^ -> ZN v | ND3D8    | 0.026 |   1.074 |   -0.461 | 
     | U1423                                              | A1 v -> ZN ^ | NR2XD4   | 0.020 |   1.094 |   -0.441 | 
     | U2591                                              | A1 ^ -> ZN v | ND3D8    | 0.039 |   1.133 |   -0.401 | 
     | U2132                                              | A1 v -> ZN ^ | ND2D8    | 0.028 |   1.161 |   -0.374 | 
     | FE_OCPC607_n1539                                   | I ^ -> ZN v  | INVD4    | 0.016 |   1.177 |   -0.358 | 
     | U591                                               | A2 v -> ZN ^ | ND2D4    | 0.017 |   1.194 |   -0.341 | 
     | FE_RC_789_0                                        | A2 ^ -> ZN v | CKND2D8  | 0.023 |   1.217 |   -0.318 | 
     | FE_OCPC258_n2404                                   | I v -> Z v   | BUFFD4   | 0.031 |   1.247 |   -0.287 | 
     | U1489                                              | A2 v -> ZN ^ | ND3D8    | 0.015 |   1.263 |   -0.272 | 
     | U2575                                              | A1 ^ -> ZN v | ND2D4    | 0.015 |   1.277 |   -0.257 | 
     | U1317                                              | A1 v -> ZN ^ | ND2D4    | 0.016 |   1.294 |   -0.241 | 
     | U3042                                              | A1 ^ -> ZN v | ND2D4    | 0.015 |   1.309 |   -0.225 | 
     | U2140                                              | A1 v -> ZN ^ | ND2D4    | 0.016 |   1.325 |   -0.209 | 
     | U527                                               | A1 ^ -> ZN v | ND2D2    | 0.020 |   1.345 |   -0.189 | 
     | U515                                               | I v -> ZN ^  | CKND2    | 0.014 |   1.359 |   -0.176 | 
     | U514                                               | A1 ^ -> ZN v | ND2D2    | 0.016 |   1.375 |   -0.160 | 
     | U513                                               | A2 v -> ZN ^ | ND3D2    | 0.017 |   1.391 |   -0.143 | 
     | U2538                                              | A1 ^ -> ZN v | ND2D2    | 0.019 |   1.410 |   -0.124 | 
     | U2527                                              | A1 v -> ZN ^ | ND2D2    | 0.017 |   1.427 |   -0.108 | 
     | U2209                                              | A1 ^ -> ZN v | ND2D3    | 0.018 |   1.445 |   -0.090 | 
     | U2793                                              | A1 v -> ZN ^ | ND2D4    | 0.019 |   1.463 |   -0.071 | 
     | U4016                                              | A2 ^ -> ZN v | ND2D8    | 0.026 |   1.489 |   -0.045 | 
     | FE_RC_281_0                                        | B1 v -> ZN ^ | AOI22D4  | 0.044 |   1.534 |   -0.001 | 
     | U2701                                              | A1 ^ -> ZN v | ND2D8    | 0.037 |   1.570 |    0.036 | 
     | U1308                                              | I v -> ZN ^  | INVD8    | 0.021 |   1.592 |    0.057 | 
     | U570                                               | A1 ^ -> ZN v | ND2D8    | 0.019 |   1.611 |    0.076 | 
     | U569                                               | I v -> ZN ^  | CKND12   | 0.016 |   1.627 |    0.092 | 
     | U3330                                              | B ^ -> ZN v  | AOI21D2  | 0.014 |   1.641 |    0.107 | 
     | u_adpcm_encoder2_u_ADPCM_Decoder_u_Integrator_gain | D v          | EDFCNQD4 | 0.000 |   1.641 |    0.107 | 
     | _0_99_Delay_out1_reg_0_                            |              |          |       |         |          | 
     +-----------------------------------------------------------------------------------------------------------+ 

